Performing system checks...

System check identified no issues (0 silenced).
January 07, 2025 - 14:41:03
Django version 3.2.25, using settings 'deutsch_lernen.settings'
Starting development server at http://0.0.0.0:8000/
Quit the server with CONTROL-C.
Performing system checks...

System check identified no issues (0 silenced).
January 08, 2025 - 05:53:59
Django version 3.2.25, using settings 'deutsch_lernen.settings'
Starting development server at http://0.0.0.0:8000/
Quit the server with CONTROL-C.
Performing system checks...

System check identified no issues (0 silenced).
January 09, 2025 - 05:42:55
Django version 3.2.25, using settings 'deutsch_lernen.settings'
Starting development server at http://0.0.0.0:8000/
Quit the server with CONTROL-C.
Performing system checks...

System check identified no issues (0 silenced).
January 09, 2025 - 06:52:40
Django version 3.2.25, using settings 'deutsch_lernen.settings'
Starting development server at http://0.0.0.0:8000/
Quit the server with CONTROL-C.
Performing system checks...

System check identified no issues (0 silenced).
January 09, 2025 - 10:33:53
Django version 3.2.25, using settings 'deutsch_lernen.settings'
Starting development server at http://0.0.0.0:8000/
Quit the server with CONTROL-C.
